<SOAP-ENV:Envelope
        xmlns:SOAP-ENV="http://schemas.xmlsoap.org/soap/envelope/">
    <SOAP-ENV:Header/>
    <SOAP-ENV:Body>
        <virtaluku:OpiskelijanKaikkiTiedotResponse
                xmlns:virtaluku="http://tietovaranto.csc.fi/luku">
            <virta:Virta
                    xmlns:virta="urn:mace:funet.fi:virta/2015/09/01">
                <virta:Opiskelija avain="H1">
                    <virta:Henkilotunnus>290204A</virta:Henkilotunnus>
                    <virta:KansallinenOppijanumero>aed09afd87a8c6d76b76bbd</virta:KansallinenOppijanumero>
                    <virta:Opiskeluoikeudet>
                        <virta:Opiskeluoikeus avain="O1" opiskelijaAvain="H1">
                            <virta:AlkuPvm>2008-08-01</virta:AlkuPvm>
                            <virta:LoppuPvm>2015-07-31</virta:LoppuPvm>
                            <virta:Tila>
                                <virta:AlkuPvm>2008-08-01</virta:AlkuPvm>
                                <virta:LoppuPvm>2015-07-31</virta:LoppuPvm>
                                <virta:Koodi>1</virta:Koodi>
                            </virta:Tila>
                            <virta:Tyyppi>3</virta:Tyyppi>
                            <virta:Myontaja>01901</virta:Myontaja>
                            <virta:Organisaatio>
                                <virta:Rooli>3</virta:Rooli>
                                <virta:Koodi>02467</virta:Koodi>
                                <virta:Osuus>1.0</virta:Osuus>
                            </virta:Organisaatio>
                            <virta:Jakso koulutusmoduulitunniste="K123123136" valtakunnallinenKoulutusmoduulitunniste="vk123123123">
                                <virta:AlkuPvm>2008-08-01</virta:AlkuPvm>
                                <virta:LoppuPvm>2015-07-31</virta:LoppuPvm>
                                <virta:Koulutuskoodi>642101</virta:Koulutuskoodi>
                                <virta:Koulutuskunta>091</virta:Koulutuskunta>
                                <virta:Koulutuskieli>fi</virta:Koulutuskieli>
                                <virta:Rahoituslahde>4</virta:Rahoituslahde>
                                <virta:Patevyys>1</virta:Patevyys>
                                <virta:Luokittelu>1</virta:Luokittelu>
                            </virta:Jakso>
                            <virta:Ensisijaisuus>
                                <virta:AlkuPvm>2008-08-01</virta:AlkuPvm>
                                <virta:LoppuPvm>2015-07-31</virta:LoppuPvm>
                            </virta:Ensisijaisuus>
                            <virta:Koulutusala versio="opmala">7</virta:Koulutusala>
                            <virta:Liittyvyys liittyvaOpiskeluoikeusAvain="O4"/>
                            <virta:SiirtoOpiskelija lahdeOpiskeluoikeusAvain="zO9">
                                <virta:SiirtoPvm>2009-08-01</virta:SiirtoPvm>
                                <virta:Lukukausikertyma>
                                    <virta:IlmoittautuminenTila>2</virta:IlmoittautuminenTila>
                                    <virta:Maara>2</virta:Maara>
                                </virta:Lukukausikertyma>
                            </virta:SiirtoOpiskelija>
                            <virta:Laajuus>
                                <virta:Opintopiste>0</virta:Opintopiste>
                                <virta:Opintoviikko>0</virta:Opintoviikko>
                            </virta:Laajuus>
                        </virta:Opiskeluoikeus>
                        <virta:Opiskeluoikeus avain="O2" opiskelijaAvain="H1">
                            <virta:AlkuPvm>2013-08-01</virta:AlkuPvm>
                            <virta:Tila>
                                <virta:AlkuPvm>2013-08-01</virta:AlkuPvm>
                                <virta:Koodi>1</virta:Koodi>
                            </virta:Tila>
                            <virta:Tyyppi>4</virta:Tyyppi>
                            <virta:Myontaja>01901</virta:Myontaja>
                        </virta:Opiskeluoikeus>
                        <virta:Opiskeluoikeus avain="O3" opiskelijaAvain="H1">
                            <virta:AlkuPvm>2013-08-01</virta:AlkuPvm>
                            <virta:LoppuPvm>2018-07-31</virta:LoppuPvm>
                            <virta:Tila>
                                <virta:AlkuPvm>2013-08-01</virta:AlkuPvm>
                                <virta:Koodi>1</virta:Koodi>
                            </virta:Tila>
                            <virta:Tyyppi>4</virta:Tyyppi>
                            <virta:Myontaja>01901</virta:Myontaja>
                            <virta:Jakso koulutusmoduulitunniste="K123123131">
                                <virta:AlkuPvm>2013-08-01</virta:AlkuPvm>
                                <virta:Koulutuskoodi>742101</virta:Koulutuskoodi>
                                <virta:Koulutuskunta>091</virta:Koulutuskunta>
                            </virta:Jakso>
                        </virta:Opiskeluoikeus>
                        <virta:Opiskeluoikeus avain="O4" opiskelijaAvain="H1">
                            <virta:AlkuPvm>2008-08-01</virta:AlkuPvm>
                            <virta:Tila>
                                <virta:AlkuPvm>2008-08-01</virta:AlkuPvm>
                                <virta:LoppuPvm>2010-07-31</virta:LoppuPvm>
                                <virta:Koodi>2</virta:Koodi>
                            </virta:Tila>
                            <virta:Tila>
                                <virta:AlkuPvm>2010-08-01</virta:AlkuPvm>
                                <virta:LoppuPvm>2015-07-31</virta:LoppuPvm>
                                <virta:Koodi>1</virta:Koodi>
                            </virta:Tila>
                            <virta:Tyyppi>4</virta:Tyyppi>
                            <virta:Myontaja>01901</virta:Myontaja>
                            <virta:Organisaatio>
                                <virta:Rooli>2</virta:Rooli>
                                <virta:Koodi>01901</virta:Koodi>
                            </virta:Organisaatio>
                            <virta:Organisaatio>
                                <virta:Rooli>3</virta:Rooli>
                                <virta:Koodi>02467</virta:Koodi>
                            </virta:Organisaatio>
                            <virta:Jakso koulutusmoduulitunniste="K123123136">
                                <virta:AlkuPvm>2008-08-01</virta:AlkuPvm>
                                <virta:LoppuPvm>2010-07-31</virta:LoppuPvm>
                                <virta:Koulutuskoodi>742101</virta:Koulutuskoodi>
                                <virta:Koulutuskunta>091</virta:Koulutuskunta>
                                <virta:Koulutuskieli>fi</virta:Koulutuskieli>
                                <virta:Rahoituslahde>4</virta:Rahoituslahde>
                                <virta:Patevyys>1</virta:Patevyys>
                            </virta:Jakso>
                            <virta:Jakso koulutusmoduulitunniste="K123123136">
                                <virta:AlkuPvm>2010-08-01</virta:AlkuPvm>
                                <virta:LoppuPvm>2015-07-31</virta:LoppuPvm>
                                <virta:Koulutuskoodi>742101</virta:Koulutuskoodi>
                                <virta:Koulutuskunta>091</virta:Koulutuskunta>
                                <virta:Koulutuskieli>fi</virta:Koulutuskieli>
                                <virta:Rahoituslahde>1</virta:Rahoituslahde>
                            </virta:Jakso>
                            <virta:Ensisijaisuus>
                                <virta:AlkuPvm>2008-08-01</virta:AlkuPvm>
                                <virta:LoppuPvm>2009-07-31</virta:LoppuPvm>
                            </virta:Ensisijaisuus>
                            <virta:Ensisijaisuus>
                                <virta:AlkuPvm>2010-08-01</virta:AlkuPvm>
                                <virta:LoppuPvm>2011-07-31</virta:LoppuPvm>
                            </virta:Ensisijaisuus>
                            <virta:Koulutusala versio="opm95opa">76</virta:Koulutusala>
                            <virta:SiirtoOpiskelija>
                                <virta:SiirtoPvm>2009-08-01</virta:SiirtoPvm>
                                <virta:Lukukausikertyma>
                                    <virta:IlmoittautuminenTila>2</virta:IlmoittautuminenTila>
                                    <virta:Maara>2</virta:Maara>
                                </virta:Lukukausikertyma>
                            </virta:SiirtoOpiskelija>
                            <virta:Laajuus>
                                <virta:Opintopiste>0</virta:Opintopiste>
                            </virta:Laajuus>
                        </virta:Opiskeluoikeus>
                        <virta:Opiskeluoikeus avain="O5" opiskelijaAvain="H1">
                            <virta:AlkuPvm>2010-08-01</virta:AlkuPvm>
                            <virta:LoppuPvm>2013-07-31</virta:LoppuPvm>
                            <virta:Tila>
                                <virta:AlkuPvm>2010-08-01</virta:AlkuPvm>
                                <virta:LoppuPvm>2013-07-31</virta:LoppuPvm>
                                <virta:Koodi>1</virta:Koodi>
                            </virta:Tila>
                            <virta:Tila>
                                <virta:AlkuPvm>2013-08-01</virta:AlkuPvm>
                                <virta:Koodi>3</virta:Koodi>
                            </virta:Tila>
                            <virta:Tyyppi>4</virta:Tyyppi>
                            <virta:Myontaja>01901</virta:Myontaja>
                            <virta:Jakso koulutusmoduulitunniste="K123123131">
                                <virta:AlkuPvm>2010-08-01</virta:AlkuPvm>
                                <virta:Koulutuskoodi>742101</virta:Koulutuskoodi>
                                <virta:Koulutuskunta>091</virta:Koulutuskunta>
                            </virta:Jakso>
                        </virta:Opiskeluoikeus>
                    </virta:Opiskeluoikeudet>
                    <virta:LukukausiIlmoittautumiset>
                        <virta:LukukausiIlmoittautuminen opiskelijaAvain="H1" opiskeluoikeusAvain="O1">
                            <virta:Myontaja>01901</virta:Myontaja>
                            <virta:Tila>1</virta:Tila>
                            <virta:IlmoittautumisPvm>2012-09-18</virta:IlmoittautumisPvm>
                            <virta:AlkuPvm>2012-08-01</virta:AlkuPvm>
                            <virta:LoppuPvm>2013-07-31</virta:LoppuPvm>
                            <virta:YlioppilaskuntaJasen>0</virta:YlioppilaskuntaJasen>
                            <virta:YTHSMaksu>1</virta:YTHSMaksu>
                        </virta:LukukausiIlmoittautuminen>
                        <virta:LukukausiIlmoittautuminen opiskelijaAvain="H1">
                            <virta:Myontaja>01901</virta:Myontaja>
                            <virta:Tila>3</virta:Tila>
                            <virta:IlmoittautumisPvm>2012-09-19</virta:IlmoittautumisPvm>
                            <virta:AlkuPvm>2013-01-01</virta:AlkuPvm>
                        </virta:LukukausiIlmoittautuminen>
                    </virta:LukukausiIlmoittautumiset>
                    <virta:Opintosuoritukset>
                        <virta:Opintosuoritus avain="S1" koulutusmoduulitunniste="K80000001" opiskelijaAvain="H1" opiskeluoikeusAvain="O1" valtakunnallinenKoulutusmoduulitunniste="VK80000001">
                            <virta:SuoritusPvm>2011-08-23</virta:SuoritusPvm>
                            <virta:Laajuus>
                                <virta:Opintopiste>13.6</virta:Opintopiste>
                                <virta:Opintoviikko>2</virta:Opintoviikko>
                            </virta:Laajuus>
                            <virta:Arvosana>
                                <virta:Muu>
                                    <virta:Asteikko avain="ast1">
                                        <virta:Nimi>Meidän oma asteikko yhdestä neljään</virta:Nimi>
                                        <virta:AsteikkoArvosana avain="ast1arv0">
                                            <virta:Koodi>0</virta:Koodi>
                                            <virta:Nimi>Nolla</virta:Nimi>
                                            <virta:LaskennallinenArvo>10</virta:LaskennallinenArvo>
                                        </virta:AsteikkoArvosana>
                                        <virta:AsteikkoArvosana avain="ast1arv1">
                                            <virta:Koodi>1</virta:Koodi>
                                            <virta:Nimi>Yksi</virta:Nimi>
                                            <virta:LaskennallinenArvo>11</virta:LaskennallinenArvo>
                                        </virta:AsteikkoArvosana>
                                        <virta:AsteikkoArvosana avain="ast1arv2">
                                            <virta:Koodi>2</virta:Koodi>
                                            <virta:Nimi>Kaksi</virta:Nimi>
                                            <virta:LaskennallinenArvo>12</virta:LaskennallinenArvo>
                                        </virta:AsteikkoArvosana>
                                        <virta:AsteikkoArvosana avain="ast1arv3">
                                            <virta:Koodi>3</virta:Koodi>
                                            <virta:Nimi>Kolme</virta:Nimi>
                                            <virta:LaskennallinenArvo>13</virta:LaskennallinenArvo>
                                        </virta:AsteikkoArvosana>
                                        <virta:AsteikkoArvosana avain="ast1arv4">
                                            <virta:Koodi>4</virta:Koodi>
                                            <virta:Nimi>Neljä</virta:Nimi>
                                            <virta:LaskennallinenArvo>14</virta:LaskennallinenArvo>
                                        </virta:AsteikkoArvosana>
                                    </virta:Asteikko>
                                    <virta:Koodi>ast1arv4</virta:Koodi>
                                </virta:Muu>
                            </virta:Arvosana>
                            <virta:Myontaja>01901</virta:Myontaja>
                            <virta:Organisaatio>
                                <virta:Rooli>2</virta:Rooli>
                                <virta:Koodi>01901</virta:Koodi>
                                <virta:Osuus>1.0</virta:Osuus>
                            </virta:Organisaatio>
                            <virta:Organisaatio>
                                <virta:Rooli>3</virta:Rooli>
                                <virta:Koodi>02467</virta:Koodi>
                                <virta:Osuus>1.0</virta:Osuus>
                            </virta:Organisaatio>
                            <virta:Laji>2</virta:Laji>
                            <virta:Nimi kieli="fi">FYS101, Fysiikka 1-0-1</virta:Nimi>
                            <virta:Nimi kieli="20">FYS101, "%@£€@!" 1-0-1</virta:Nimi>
                            <virta:Kieli>fi</virta:Kieli>
                            <virta:Koulutuskoodi>742101</virta:Koulutuskoodi>
                            <virta:Koulutusala>
                                <virta:Koodi versio="opmala">7</virta:Koodi>
                                <virta:Osuus>1.0</virta:Osuus>
                            </virta:Koulutusala>
                            <virta:Sisaltyvyys sisaltyvaOpintosuoritusAvain="S3">
                                <virta:Opintopiste>1.0</virta:Opintopiste>
                            </virta:Sisaltyvyys>
                            <virta:HyvaksilukuPvm>2012-09-11</virta:HyvaksilukuPvm>
                            <virta:TKILaajuus>
                                <virta:Opintopiste>0</virta:Opintopiste>
                                <virta:Opintoviikko>0</virta:Opintoviikko>
                            </virta:TKILaajuus>
                            <virta:TKILaajuusHarjoittelu>
                                <virta:Opintopiste>0</virta:Opintopiste>
                                <virta:Opintoviikko>0</virta:Opintoviikko>
                            </virta:TKILaajuusHarjoittelu>
                            <virta:TKILaajuusMuu>
                                <virta:Opintopiste>0</virta:Opintopiste>
                                <virta:Opintoviikko>0</virta:Opintoviikko>
                            </virta:TKILaajuusMuu>
                            <virta:OpetusharjoitteluTyyppi>5</virta:OpetusharjoitteluTyyppi>
                            <virta:Opinnaytetyo>1</virta:Opinnaytetyo>
                            <virta:Hankkeistettu>1</virta:Hankkeistettu>
                            <virta:Patevyys>1</virta:Patevyys>
                            <virta:Luokittelu>1</virta:Luokittelu>
                            <!-- JulkinenLisatieto>Onx <info>tietoo</info>?</JulkinenLisatieto -->
                            <virta:JulkinenLisatieto kieli="fi">Onx tietoo?</virta:JulkinenLisatieto>
                            <virta:JulkinenLisatieto kieli="20">"#£X@¤$"%</virta:JulkinenLisatieto>
                        </virta:Opintosuoritus>
                        <virta:Opintosuoritus avain="S2" koulutusmoduulitunniste="K10000001" opiskelijaAvain="H1">
                            <virta:SuoritusPvm>2012-08-23</virta:SuoritusPvm>
                            <virta:Laajuus>
                                <virta:Opintopiste>3</virta:Opintopiste>
                            </virta:Laajuus>
                            <virta:Arvosana>
                                <virta:Viisiportainen>2</virta:Viisiportainen>
                            </virta:Arvosana>
                            <virta:Myontaja>01901</virta:Myontaja>
                            <virta:Laji>2</virta:Laji>
                        </virta:Opintosuoritus>
                        <virta:Opintosuoritus avain="S3" koulutusmoduulitunniste="K10000001" opiskelijaAvain="H1">
                            <virta:SuoritusPvm>2012-08-23</virta:SuoritusPvm>
                            <virta:Laajuus>
                                <virta:Opintopiste>3</virta:Opintopiste>
                            </virta:Laajuus>
                            <virta:Arvosana>
                                <virta:Viisiportainen>2</virta:Viisiportainen>
                            </virta:Arvosana>
                            <virta:Myontaja>01901</virta:Myontaja>
                            <virta:Organisaatio>
                                <virta:Rooli>2</virta:Rooli>
                                <virta:Koodi>01901</virta:Koodi>
                            </virta:Organisaatio>
                            <virta:Laji>2</virta:Laji>
                            <virta:Nimi>MAT101, Matematiikka 1-0-1</virta:Nimi>
                            <virta:Kieli>fi</virta:Kieli>
                            <virta:Koulutusala>
                                <virta:Koodi versio="opm95opa">75</virta:Koodi>
                            </virta:Koulutusala>
                            <virta:Sisaltyvyys sisaltyvaOpintosuoritusAvain="S3_1">
                                <virta:Opintopiste>1.0</virta:Opintopiste>
                            </virta:Sisaltyvyys>
                            <virta:Sisaltyvyys sisaltyvaOpintosuoritusAvain="S3_2">
                                <virta:Opintopiste>1.0</virta:Opintopiste>
                            </virta:Sisaltyvyys>
                        </virta:Opintosuoritus>
                        <virta:Opintosuoritus avain="S3_1" koulutusmoduulitunniste="K10000002" opiskelijaAvain="H1">
                            <virta:SuoritusPvm>2012-08-23</virta:SuoritusPvm>
                            <virta:Laajuus>
                                <virta:Opintopiste>1</virta:Opintopiste>
                            </virta:Laajuus>
                            <virta:Arvosana>
                                <virta:Hyvaksytty>HYV</virta:Hyvaksytty>
                            </virta:Arvosana>
                            <virta:Myontaja>01901</virta:Myontaja>
                            <virta:Laji>2</virta:Laji>
                            <virta:Nimi>MAT101, Matematiikka 1-0-1, luennot/tentti</virta:Nimi>
                            <virta:Kieli>fi</virta:Kieli>
                            <virta:Koulutusala>
                                <virta:Koodi versio="opm95opa">75</virta:Koodi>
                            </virta:Koulutusala>
                        </virta:Opintosuoritus>
                        <virta:Opintosuoritus avain="S3_2" koulutusmoduulitunniste="K10000003" opiskelijaAvain="H1">
                            <virta:SuoritusPvm>2012-08-23</virta:SuoritusPvm>
                            <virta:Laajuus>
                                <virta:Opintopiste>2</virta:Opintopiste>
                            </virta:Laajuus>
                            <virta:Arvosana>
                                <virta:Viisiportainen>2</virta:Viisiportainen>
                            </virta:Arvosana>
                            <virta:Myontaja>01901</virta:Myontaja>
                            <virta:Laji>2</virta:Laji>
                            <virta:Nimi>MAT101, Matematiikka 1-0-1, laskuharjoitukset</virta:Nimi>
                            <virta:Kieli>fi</virta:Kieli>
                            <virta:Koulutusala>
                                <virta:Koodi versio="opm95opa">75</virta:Koodi>
                            </virta:Koulutusala>
                        </virta:Opintosuoritus>
                        <virta:Opintosuoritus avain="T1" koulutusmoduulitunniste="T10000001" opiskelijaAvain="H1" opiskeluoikeusAvain="O5">
                            <virta:SuoritusPvm>2012-08-23</virta:SuoritusPvm>
                            <virta:Laajuus>
                                <virta:Opintopiste>120</virta:Opintopiste>
                            </virta:Laajuus>
                            <virta:Arvosana>
                                <virta:Tutkielma>E</virta:Tutkielma>
                            </virta:Arvosana>
                            <virta:Myontaja>01901</virta:Myontaja>
                            <virta:Laji>1</virta:Laji>
                            <virta:Nimi>FM, mat, Filosofian maisteri, matematiikka</virta:Nimi>
                            <virta:Kieli>fi</virta:Kieli>
                            <virta:Koulutuskoodi>742101</virta:Koulutuskoodi>
                            <virta:Koulutusala>
                                <virta:Koodi versio="opm95opa">75</virta:Koodi>
                            </virta:Koulutusala>
                        </virta:Opintosuoritus>
                        <virta:Opintosuoritus avain="S4" koulutusmoduulitunniste="K10000001" opiskelijaAvain="H1">
                            <virta:SuoritusPvm>2012-08-23</virta:SuoritusPvm>
                            <virta:Laajuus>
                                <virta:Opintopiste>3</virta:Opintopiste>
                            </virta:Laajuus>
                            <virta:Arvosana>
                                <virta:Muu>
                                    <virta:Asteikko avain="ast2">
                                        <virta:Nimi>1-3</virta:Nimi>
                                        <virta:AsteikkoArvosana avain="ast2arv1">
                                            <virta:Koodi>1</virta:Koodi>
                                        </virta:AsteikkoArvosana>
                                        <virta:AsteikkoArvosana avain="ast2arv2">
                                            <virta:Koodi>2</virta:Koodi>
                                        </virta:AsteikkoArvosana>
                                        <virta:AsteikkoArvosana avain="ast2arv3">
                                            <virta:Koodi>3</virta:Koodi>
                                        </virta:AsteikkoArvosana>
                                    </virta:Asteikko>
                                    <virta:Koodi>ast2arv2</virta:Koodi>
                                </virta:Muu>
                            </virta:Arvosana>
                            <virta:Myontaja>01901</virta:Myontaja>
                            <virta:Organisaatio>
                                <virta:Rooli>2</virta:Rooli>
                                <virta:Koodi>01901</virta:Koodi>
                                <virta:Osuus>0.5</virta:Osuus>
                            </virta:Organisaatio>
                            <virta:Organisaatio>
                                <virta:Rooli>2</virta:Rooli>
                                <virta:Koodi>02467</virta:Koodi>
                                <virta:Osuus>0.5</virta:Osuus>
                            </virta:Organisaatio>
                            <virta:Laji>2</virta:Laji>
                            <virta:Nimi>MAT101, Matematiikka 1-0-1</virta:Nimi>
                            <virta:Kieli>fi</virta:Kieli>
                            <virta:Koulutusala>
                                <virta:Koodi versio="opmala">7</virta:Koodi>
                                <virta:Osuus>0.5</virta:Osuus>
                            </virta:Koulutusala>
                            <virta:Koulutusala>
                                <virta:Koodi versio="opmala">8</virta:Koodi>
                                <virta:Osuus>0.5</virta:Osuus>
                            </virta:Koulutusala>
                            <virta:Luokittelu>1</virta:Luokittelu>
                            <virta:Luokittelu>2</virta:Luokittelu>
                            <virta:Luokittelu>4</virta:Luokittelu>
                        </virta:Opintosuoritus>
                    </virta:Opintosuoritukset>
                </virta:Opiskelija>
            </virta:Virta>
        </virtaluku:OpiskelijanKaikkiTiedotResponse>
    </SOAP-ENV:Body>
</SOAP-ENV:Envelope>