<SOAP-ENV:Envelope xmlns:SOAP-ENV="http://schemas.xmlsoap.org/soap/envelope/">
    <SOAP-ENV:Header/>
    <SOAP-ENV:Body>
        <virtaluku:OpiskelijanKaikkiTiedotResponse xmlns:virtaluku="http://tietovaranto.csc.fi/luku">
        </virtaluku:OpiskelijanKaikkiTiedotResponse>
    </SOAP-ENV:Body>
</SOAP-ENV:Envelope>